0 info it worked if it ends with ok
1 verbose cli [ '/Users/yangchongduo/.nvm/versions/node/v6.10.3/bin/node',
1 verbose cli   '/Users/yangchongduo/.nvm/versions/node/v6.10.3/bin/npm',
1 verbose cli   'run',
1 verbose cli   'koa' ]
2 info using npm@3.10.10
3 info using node@v6.10.3
4 verbose run-script [ 'prekoa', 'koa', 'postkoa' ]
5 info lifecycle koa-lianxi@0.1.0~prekoa: koa-lianxi@0.1.0
6 silly lifecycle koa-lianxi@0.1.0~prekoa: no script for prekoa, continuing
7 info lifecycle koa-lianxi@0.1.0~koa: koa-lianxi@0.1.0
8 verbose lifecycle koa-lianxi@0.1.0~koa: unsafe-perm in lifecycle true
9 verbose lifecycle koa-lianxi@0.1.0~koa: PATH: /Users/yangchongduo/.nvm/versions/node/v6.10.3/lib/node_modules/npm/bin/node-gyp-bin:/Users/yangchongduo/Documents/Source-code-analysis-koa2/node_modules/.bin:/Users/yangchongduo/.yarn/bin:/Users/yangchongduo/.nvm/versions/node/v6.10.3/bin:/usr/local/bin:/usr/bin:/bin:/usr/sbin:/sbin:/usr/local/mongodb/bin
10 verbose lifecycle koa-lianxi@0.1.0~koa: CWD: /Users/yangchongduo/Documents/Source-code-analysis-koa2
11 silly lifecycle koa-lianxi@0.1.0~koa: Args: [ '-c', 'runkoa bin/www' ]
12 silly lifecycle koa-lianxi@0.1.0~koa: Returned: code: 126  signal: null
13 info lifecycle koa-lianxi@0.1.0~koa: Failed to exec koa script
14 verbose stack Error: koa-lianxi@0.1.0 koa: `runkoa bin/www`
14 verbose stack Exit status 126
14 verbose stack     at EventEmitter.<anonymous> (/Users/yangchongduo/.nvm/versions/node/v6.10.3/lib/node_modules/npm/lib/utils/lifecycle.js:255:16)
14 verbose stack     at emitTwo (events.js:106:13)
14 verbose stack     at EventEmitter.emit (events.js:191:7)
14 verbose stack     at ChildProcess.<anonymous> (/Users/yangchongduo/.nvm/versions/node/v6.10.3/lib/node_modules/npm/lib/utils/spawn.js:40:14)
14 verbose stack     at emitTwo (events.js:106:13)
14 verbose stack     at ChildProcess.emit (events.js:191:7)
14 verbose stack     at maybeClose (internal/child_process.js:886:16)
14 verbose stack     at Process.ChildProcess._handle.onexit (internal/child_process.js:226:5)
15 verbose pkgid koa-lianxi@0.1.0
16 verbose cwd /Users/yangchongduo/Documents/Source-code-analysis-koa2
17 error Darwin 16.4.0
18 error argv "/Users/yangchongduo/.nvm/versions/node/v6.10.3/bin/node" "/Users/yangchongduo/.nvm/versions/node/v6.10.3/bin/npm" "run" "koa"
19 error node v6.10.3
20 error npm  v3.10.10
21 error code ELIFECYCLE
22 error koa-lianxi@0.1.0 koa: `runkoa bin/www`
22 error Exit status 126
23 error Failed at the koa-lianxi@0.1.0 koa script 'runkoa bin/www'.
23 error Make sure you have the latest version of node.js and npm installed.
23 error If you do, this is most likely a problem with the koa-lianxi package,
23 error not with npm itself.
23 error Tell the author that this fails on your system:
23 error     runkoa bin/www
23 error You can get information on how to open an issue for this project with:
23 error     npm bugs koa-lianxi
23 error Or if that isn't available, you can get their info via:
23 error     npm owner ls koa-lianxi
23 error There is likely additional logging output above.
24 verbose exit [ 1, true ]
